<?xml version="1.0" encoding="UTF-8"?>
<coverage generated="1750756798159" clover="3.2.0">
  <project timestamp="1750756798159" name="All files">
    <metrics statements="13" coveredstatements="12" conditionals="10" coveredconditionals="5" methods="6" coveredmethods="4" elements="29" coveredelements="21" complexity="0" loc="13" ncloc="13" packages="1" files="2" classes="2"/>
    <file name="WordCardForm.styled.ts" path="/Users/konsta/Documents/english_learn/frontend/src/entities/word/ui/WordCardForm.styled.ts">
      <metrics statements="8" coveredstatements="8" conditionals="6" coveredconditionals="3" methods="3" coveredmethods="3"/>
      <line num="4" count="1" type="stmt"/>
      <line num="11" count="1" type="stmt"/>
      <line num="38" count="1" type="stmt"/>
      <line num="57" count="1" type="stmt"/>
      <line num="59" count="1" type="cond" truecount="1" falsecount="1"/>
      <line num="60" count="1" type="cond" truecount="1" falsecount="1"/>
      <line num="61" count="1" type="cond" truecount="1" falsecount="1"/>
      <line num="71" count="1" type="stmt"/>
    </file>
    <file name="WordCardForm.tsx" path="/Users/konsta/Documents/english_learn/frontend/src/entities/word/ui/WordCardForm.tsx">
      <metrics statements="5" coveredstatements="4" conditionals="4" coveredconditionals="2" methods="3" coveredmethods="1"/>
      <line num="14" count="1" type="stmt"/>
      <line num="15" count="1" type="stmt"/>
      <line num="16" count="1" type="stmt"/>
      <line num="18" count="1" type="stmt"/>
      <line num="40" count="0" type="stmt"/>
    </file>
  </project>
</coverage>
