{"/Users/konsta/Documents/english_learn/frontend/src/entities/word/ui/WordCardForm.styled.ts": {"path":"/Users/konsta/Documents/english_learn/frontend/src/entities/word/ui/WordCardForm.styled.ts","statementMap":{"0":{"start":{"line":4,"column":31},"end":{"line":9,"column":1}},"1":{"start":{"line":11,"column":27},"end":{"line":36,"column":1}},"2":{"start":{"line":38,"column":23},"end":{"line":55,"column":1}},"3":{"start":{"line":57,"column":26},"end":{"line":69,"column":1}},"4":{"start":{"line":59,"column":43},"end":{"line":59,"column":75}},"5":{"start":{"line":60,"column":32},"end":{"line":60,"column":65}},"6":{"start":{"line":61,"column":38},"end":{"line":61,"column":72}},"7":{"start":{"line":71,"column":25},"end":{"line":90,"column":1}}},"fnMap":{"0":{"name":"(anonymous_0)","decl":{"start":{"line":59,"column":24},"end":{"line":59,"column":25}},"loc":{"start":{"line":59,"column":43},"end":{"line":59,"column":75}},"line":59},"1":{"name":"(anonymous_1)","decl":{"start":{"line":60,"column":13},"end":{"line":60,"column":14}},"loc":{"start":{"line":60,"column":32},"end":{"line":60,"column":65}},"line":60},"2":{"name":"(anonymous_2)","decl":{"start":{"line":61,"column":19},"end":{"line":61,"column":20}},"loc":{"start":{"line":61,"column":38},"end":{"line":61,"column":72}},"line":61}},"branchMap":{"0":{"loc":{"start":{"line":59,"column":43},"end":{"line":59,"column":75}},"type":"cond-expr","locations":[{"start":{"line":59,"column":54},"end":{"line":59,"column":63}},{"start":{"line":59,"column":66},"end":{"line":59,"column":75}}],"line":59},"1":{"loc":{"start":{"line":60,"column":32},"end":{"line":60,"column":65}},"type":"cond-expr","locations":[{"start":{"line":60,"column":43},"end":{"line":60,"column":49}},{"start":{"line":60,"column":52},"end":{"line":60,"column":65}}],"line":60},"2":{"loc":{"start":{"line":61,"column":38},"end":{"line":61,"column":72}},"type":"cond-expr","locations":[{"start":{"line":61,"column":49},"end":{"line":61,"column":55}},{"start":{"line":61,"column":58},"end":{"line":61,"column":72}}],"line":61}},"s":{"0":1,"1":1,"2":1,"3":1,"4":1,"5":1,"6":1,"7":1},"f":{"0":1,"1":1,"2":1},"b":{"0":[0,1],"1":[0,1],"2":[0,1]},"_coverageSchema":"1a1c01bbd47fc00a2c39e90264f33305004495a9","hash":"060333a525ddc930300ce5db1bdc644556094959"}
,"/Users/konsta/Documents/english_learn/frontend/src/entities/word/ui/WordCardForm.tsx": {"path":"/Users/konsta/Documents/english_learn/frontend/src/entities/word/ui/WordCardForm.tsx","statementMap":{"0":{"start":{"line":14,"column":28},"end":{"line":46,"column":1}},"1":{"start":{"line":15,"column":66},"end":{"line":15,"column":70}},"2":{"start":{"line":16,"column":34},"end":{"line":16,"column":49}},"3":{"start":{"line":18,"column":2},"end":{"line":45,"column":4}},"4":{"start":{"line":40,"column":23},"end":{"line":40,"column":51}},"5":{"start":{"line":40,"column":45},"end":{"line":40,"column":50}}},"fnMap":{"0":{"name":"(anonymous_0)","decl":{"start":{"line":14,"column":28},"end":{"line":14,"column":29}},"loc":{"start":{"line":14,"column":61},"end":{"line":46,"column":1}},"line":14},"1":{"name":"(anonymous_1)","decl":{"start":{"line":40,"column":17},"end":{"line":40,"column":18}},"loc":{"start":{"line":40,"column":23},"end":{"line":40,"column":51}},"line":40},"2":{"name":"(anonymous_2)","decl":{"start":{"line":40,"column":35},"end":{"line":40,"column":36}},"loc":{"start":{"line":40,"column":45},"end":{"line":40,"column":50}},"line":40}},"branchMap":{"0":{"loc":{"start":{"line":24,"column":9},"end":{"line":28,"column":9}},"type":"cond-expr","locations":[{"start":{"line":25,"column":10},"end":{"line":25,"column":43}},{"start":{"line":27,"column":10},"end":{"line":27,"column":46}}],"line":24},"1":{"loc":{"start":{"line":42,"column":9},"end":{"line":42,"column":55}},"type":"cond-expr","locations":[{"start":{"line":42,"column":20},"end":{"line":42,"column":27}},{"start":{"line":42,"column":30},"end":{"line":42,"column":55}}],"line":42}},"s":{"0":1,"1":1,"2":1,"3":1,"4":0,"5":0},"f":{"0":1,"1":0,"2":0},"b":{"0":[0,1],"1":[0,1]},"_coverageSchema":"1a1c01bbd47fc00a2c39e90264f33305004495a9","hash":"ef80a298d46bcade06e0a808c16d370203cd55e7"}
}
