TN:
SF:src/entities/word/ui/WordCardForm.styled.ts
FN:59,(anonymous_0)
FN:60,(anonymous_1)
FN:61,(anonymous_2)
FNF:3
FNH:3
FNDA:1,(anonymous_0)
FNDA:1,(anonymous_1)
FNDA:1,(anonymous_2)
DA:4,1
DA:11,1
DA:38,1
DA:57,1
DA:59,1
DA:60,1
DA:61,1
DA:71,1
LF:8
LH:8
BRDA:59,0,0,0
BRDA:59,0,1,1
BRDA:60,1,0,0
BRDA:60,1,1,1
BRDA:61,2,0,0
BRDA:61,2,1,1
BRF:6
BRH:3
end_of_record
TN:
SF:src/entities/word/ui/WordCardForm.tsx
FN:14,(anonymous_0)
FN:40,(anonymous_1)
FN:40,(anonymous_2)
FNF:3
FNH:1
FNDA:1,(anonymous_0)
FNDA:0,(anonymous_1)
FNDA:0,(anonymous_2)
DA:14,1
DA:15,1
DA:16,1
DA:18,1
DA:40,0
LF:5
LH:4
BRDA:24,0,0,0
BRDA:24,0,1,1
BRDA:42,1,0,0
BRDA:42,1,1,1
BRF:4
BRH:2
end_of_record
